build/outputs/logs/manifest-merger-debug-report.txt
-- Merging decision tree log ---
manifest
ADDED from AndroidTest\AndroidManifest.xml:2:1-159:12
	package
		ADDED from AndroidTest\AndroidManifest.xml:3:5-38
		INJECTED from AndroidTest\AndroidManifest.xml
		INJECTED from AndroidTest\AndroidManifest.xml
	android:versionName
		ADDED from AndroidTest\AndroidManifest.xml:5:5-30
		INJECTED from AndroidTest\AndroidManifest.xml
		INJECTED from AndroidTest\AndroidManifest.xml
	android:versionCode
		ADDED from AndroidTest\AndroidManifest.xml:4:5-28
		INJECTED from AndroidTest\AndroidManifest.xml
		INJECTED from AndroidTest\AndroidManifest.xml
	xmlns:android
		ADDED from AndroidTest\AndroidManifest.xml:2:11-69
uses-sdk
ADDED from AndroidTest\AndroidManifest.xml:7:5-9:41
MERGED from [com.android.support:support-v4:23.4.0] AndroidManifest.xml:20:5-43
MERGED from [com.android.support:appcompat-v7:23.4.0] AndroidManifest.xml:21:5-23:78
MERGED from [com.android.support:animated-vector-drawable:23.4.0] AndroidManifest.xml:5:5-44
MERGED from [com.android.support:support-vector-drawable:23.4.0] AndroidManifest.xml:5:5-43
MERGED from [com.android.support:support-v4:23.4.0] AndroidManifest.xml:20:5-43
MERGED from [com.android.support:support-v4:23.4.0] AndroidManifest.xml:20:5-43
MERGED from [com.android.support:support-vector-drawable:23.4.0] AndroidManifest.xml:5:5-43
MERGED from [com.android.support:support-v4:23.4.0] AndroidManifest.xml:20:5-43
MERGED from [com.android.support:design:23.4.0] AndroidManifest.xml:20:5-43
MERGED from [com.android.support:recyclerview-v7:23.4.0] AndroidManifest.xml:20:5-43
MERGED from [com.android.support:support-v4:23.4.0] AndroidManifest.xml:20:5-43
MERGED from [com.android.support:appcompat-v7:23.4.0] AndroidManifest.xml:21:5-23:78
MERGED from [com.android.support:animated-vector-drawable:23.4.0] AndroidManifest.xml:5:5-44
MERGED from [com.android.support:support-vector-drawable:23.4.0] AndroidManifest.xml:5:5-43
MERGED from [com.android.support:support-v4:23.4.0] AndroidManifest.xml:20:5-43
MERGED from [com.android.support:support-v4:23.4.0] AndroidManifest.xml:20:5-43
MERGED from [com.android.support:support-vector-drawable:23.4.0] AndroidManifest.xml:5:5-43
MERGED from [com.android.support:support-v4:23.4.0] AndroidManifest.xml:20:5-43
MERGED from [com.android.support:support-v4:23.4.0] AndroidManifest.xml:20:5-43
	tools:overrideLibrary
		ADDED from [com.android.support:appcompat-v7:23.4.0] AndroidManifest.xml:23:9-75
	android:targetSdkVersion
		ADDED from AndroidTest\AndroidManifest.xml:9:9-38
		INJECTED from AndroidTest\AndroidManifest.xml
		INJECTED from AndroidTest\AndroidManifest.xml
	android:minSdkVersion
		ADDED from AndroidTest\AndroidManifest.xml:8:9-34
		INJECTED from AndroidTest\AndroidManifest.xml
		INJECTED from AndroidTest\AndroidManifest.xml
uses-permission#android.Manifest.permission.ACCESS_COARSE_LOCATION
ADDED from AndroidTest\AndroidManifest.xml:11:5-90
	android:name
		ADDED from AndroidTest\AndroidManifest.xml:11:22-87
uses-permission#android.Manifest.permission.ACCESS_FINE_LOCATION
ADDED from AndroidTest\AndroidManifest.xml:12:5-88
	android:name
		ADDED from AndroidTest\AndroidManifest.xml:12:22-85
uses-permission#android.permission.ACCESS_FINE_LOCATION
ADDED from AndroidTest\AndroidManifest.xml:13:5-79
	android:name
		ADDED from AndroidTest\AndroidManifest.xml:13:22-76
uses-permission#android.permission.ACCESS_NETWORK_STATE
ADDED from AndroidTest\AndroidManifest.xml:14:5-79
	android:name
		ADDED from AndroidTest\AndroidManifest.xml:14:22-76
uses-permission#android.permission.INTERNET
ADDED from AndroidTest\AndroidManifest.xml:15:5-67
	android:name
		ADDED from AndroidTest\AndroidManifest.xml:15:22-64
uses-permission#android.permission.WRITE_EXTERNAL_STORAGE
ADDED from AndroidTest\AndroidManifest.xml:16:5-81
	android:name
		ADDED from AndroidTest\AndroidManifest.xml:16:22-78
uses-permission#android.permission.READ_PHONE_STATE
ADDED from AndroidTest\AndroidManifest.xml:17:5-75
	android:name
		ADDED from AndroidTest\AndroidManifest.xml:17:22-72
uses-permission#android.permission.READ_EXTERNAL_STORAGE
ADDED from AndroidTest\AndroidManifest.xml:18:5-80
	android:name
		ADDED from AndroidTest\AndroidManifest.xml:18:22-77
uses-permission#android.permission.CAMERA
ADDED from AndroidTest\AndroidManifest.xml:19:5-65
	android:name
		ADDED from AndroidTest\AndroidManifest.xml:19:22-62
uses-permission#android.permission.ACCESS_WIFI_STATE
ADDED from AndroidTest\AndroidManifest.xml:20:5-76
	android:name
		ADDED from AndroidTest\AndroidManifest.xml:20:22-73
uses-permission#android.permission.CHANGE_WIFI_STATE
ADDED from AndroidTest\AndroidManifest.xml:21:5-76
	android:name
		ADDED from AndroidTest\AndroidManifest.xml:21:22-73
uses-permission#android.permission.WAKE_LOCK
ADDED from AndroidTest\AndroidManifest.xml:22:5-68
	android:name
		ADDED from AndroidTest\AndroidManifest.xml:22:22-65
uses-feature#android.hardware.camera
ADDED from AndroidTest\AndroidManifest.xml:24:5-60
	android:name
		ADDED from AndroidTest\AndroidManifest.xml:24:19-57
uses-feature#android.hardware.camera.autofocus
ADDED from AndroidTest\AndroidManifest.xml:25:5-70
	android:name
		ADDED from AndroidTest\AndroidManifest.xml:25:19-67
application
ADDED from AndroidTest\AndroidManifest.xml:27:5-157:19
MERGED from [com.android.support:support-v4:23.4.0] AndroidManifest.xml:22:5-20
MERGED from [com.android.support:appcompat-v7:23.4.0] AndroidManifest.xml:25:5-20
MERGED from [com.android.support:animated-vector-drawable:23.4.0] AndroidManifest.xml:7:5-20
MERGED from [com.android.support:support-vector-drawable:23.4.0] AndroidManifest.xml:7:5-20
MERGED from [com.android.support:support-v4:23.4.0] AndroidManifest.xml:22:5-20
MERGED from [com.android.support:support-v4:23.4.0] AndroidManifest.xml:22:5-20
MERGED from [com.android.support:support-vector-drawable:23.4.0] AndroidManifest.xml:7:5-20
MERGED from [com.android.support:support-v4:23.4.0] AndroidManifest.xml:22:5-20
MERGED from [com.android.support:design:23.4.0] AndroidManifest.xml:22:5-20
MERGED from [com.android.support:support-v4:23.4.0] AndroidManifest.xml:22:5-20
MERGED from [com.android.support:appcompat-v7:23.4.0] AndroidManifest.xml:25:5-20
MERGED from [com.android.support:animated-vector-drawable:23.4.0] AndroidManifest.xml:7:5-20
MERGED from [com.android.support:support-vector-drawable:23.4.0] AndroidManifest.xml:7:5-20
MERGED from [com.android.support:support-v4:23.4.0] AndroidManifest.xml:22:5-20
MERGED from [com.android.support:support-v4:23.4.0] AndroidManifest.xml:22:5-20
MERGED from [com.android.support:support-vector-drawable:23.4.0] AndroidManifest.xml:7:5-20
MERGED from [com.android.support:support-v4:23.4.0] AndroidManifest.xml:22:5-20
MERGED from [com.android.support:support-v4:23.4.0] AndroidManifest.xml:22:5-20
	android:label
		ADDED from AndroidTest\AndroidManifest.xml:30:9-41
	android:allowBackup
		ADDED from AndroidTest\AndroidManifest.xml:28:9-35
	android:icon
		ADDED from AndroidTest\AndroidManifest.xml:29:9-38
	android:theme
		ADDED from AndroidTest\AndroidManifest.xml:31:9-40
activity#com.example.androidtest.activity.MainActivity
ADDED from AndroidTest\AndroidManifest.xml:32:9-40:20
	android:label
		ADDED from AndroidTest\AndroidManifest.xml:34:13-45
	android:name
		ADDED from AndroidTest\AndroidManifest.xml:33:13-50
intent-filter#android.intent.action.MAIN+android.intent.category.LAUNCHER
ADDED from AndroidTest\AndroidManifest.xml:35:13-39:29
action#android.intent.action.MAIN
ADDED from AndroidTest\AndroidManifest.xml:36:17-69
	android:name
		ADDED from AndroidTest\AndroidManifest.xml:36:25-66
category#android.intent.category.LAUNCHER
ADDED from AndroidTest\AndroidManifest.xml:38:17-77
	android:name
		ADDED from AndroidTest\AndroidManifest.xml:38:27-74
activity#com.example.androidtest.activity.ZakerActivity
ADDED from AndroidTest\AndroidManifest.xml:41:9-43:60
	android:label
		ADDED from AndroidTest\AndroidManifest.xml:43:13-57
	android:name
		ADDED from AndroidTest\AndroidManifest.xml:42:13-51
activity#com.example.androidtest.activity.TestZakerActivity
ADDED from AndroidTest\AndroidManifest.xml:44:9-46:65
	android:label
		ADDED from AndroidTest\AndroidManifest.xml:46:13-62
	android:name
		ADDED from AndroidTest\AndroidManifest.xml:45:13-55
activity#com.example.androidtest.activity.TestViewPagerActivity
ADDED from AndroidTest\AndroidManifest.xml:47:9-49:70
	android:label
		ADDED from AndroidTest\AndroidManifest.xml:49:13-67
	android:name
		ADDED from AndroidTest\AndroidManifest.xml:48:13-59
activity#com.example.viewpager.BackGroundColorAnimationActivity
ADDED from AndroidTest\AndroidManifest.xml:50:9-52:65
	android:label
		ADDED from AndroidTest\AndroidManifest.xml:52:13-62
	android:name
		ADDED from AndroidTest\AndroidManifest.xml:51:13-82
activity#com.example.loadertest.LoaderTestActivity
ADDED from AndroidTest\AndroidManifest.xml:53:9-55:66
	android:label
		ADDED from AndroidTest\AndroidManifest.xml:55:13-63
	android:name
		ADDED from AndroidTest\AndroidManifest.xml:54:13-69
activity#com.example.androidtest.activity.ImageTranspaencyActivity
ADDED from AndroidTest\AndroidManifest.xml:56:9-58:72
	android:label
		ADDED from AndroidTest\AndroidManifest.xml:58:13-69
	android:name
		ADDED from AndroidTest\AndroidManifest.xml:57:13-62
activity#com.example.androidtest.activity.ImagePixelActivity
ADDED from AndroidTest\AndroidManifest.xml:59:9-61:66
	android:label
		ADDED from AndroidTest\AndroidManifest.xml:61:13-63
	android:name
		ADDED from AndroidTest\AndroidManifest.xml:60:13-56
activity#com.example.androidtest.activity.StartForResultActivity_A
ADDED from AndroidTest\AndroidManifest.xml:62:9-64:81
	android:label
		ADDED from AndroidTest\AndroidManifest.xml:64:13-78
	android:name
		ADDED from AndroidTest\AndroidManifest.xml:63:13-62
activity#com.example.androidtest.activity.StartForResultActivity_B
ADDED from AndroidTest\AndroidManifest.xml:65:9-67:83
	android:label
		ADDED from AndroidTest\AndroidManifest.xml:67:13-80
	android:name
		ADDED from AndroidTest\AndroidManifest.xml:66:13-62
activity#com.example.listview.RefreshListViewActivity
ADDED from AndroidTest\AndroidManifest.xml:68:9-70:72
	android:label
		ADDED from AndroidTest\AndroidManifest.xml:70:13-69
	android:name
		ADDED from AndroidTest\AndroidManifest.xml:69:13-72
activity#com.example.androidtest.storage.SharePreferenceActivity
ADDED from AndroidTest\AndroidManifest.xml:71:9-73:71
	android:label
		ADDED from AndroidTest\AndroidManifest.xml:73:13-68
	android:name
		ADDED from AndroidTest\AndroidManifest.xml:72:13-60
activity#com.example.androidtest.intent.IntentActivity1
ADDED from AndroidTest\AndroidManifest.xml:74:9-76:71
	android:label
		ADDED from AndroidTest\AndroidManifest.xml:76:13-68
	android:name
		ADDED from AndroidTest\AndroidManifest.xml:75:13-51
activity#com.example.androidtest.material.MaterialActivity
ADDED from AndroidTest\AndroidManifest.xml:77:9-79:63
	android:label
		ADDED from AndroidTest\AndroidManifest.xml:79:13-60
	android:name
		ADDED from AndroidTest\AndroidManifest.xml:78:13-54
activity#com.example.androidtest.charge.ChargeActivity
ADDED from AndroidTest\AndroidManifest.xml:80:9-82:61
	android:label
		ADDED from AndroidTest\AndroidManifest.xml:82:13-58
	android:name
		ADDED from AndroidTest\AndroidManifest.xml:81:13-50
activity#com.example.androidtest.display.DisplayActivity
ADDED from AndroidTest\AndroidManifest.xml:83:9-86:52
	android:screenOrientation
		ADDED from AndroidTest\AndroidManifest.xml:86:13-49
	android:label
		ADDED from AndroidTest\AndroidManifest.xml:85:13-59
	android:name
		ADDED from AndroidTest\AndroidManifest.xml:84:13-52
activity#com.example.androidtest.locate.GpsActivity
ADDED from AndroidTest\AndroidManifest.xml:87:9-89:58
	android:label
		ADDED from AndroidTest\AndroidManifest.xml:89:13-55
	android:name
		ADDED from AndroidTest\AndroidManifest.xml:88:13-47
activity#com.example.androidtest.activity.ScrollGridActivity
ADDED from AndroidTest\AndroidManifest.xml:90:9-92:66
	android:label
		ADDED from AndroidTest\AndroidManifest.xml:92:13-63
	android:name
		ADDED from AndroidTest\AndroidManifest.xml:91:13-56
activity#com.example.listview.ListViewActivity
ADDED from AndroidTest\AndroidManifest.xml:93:9-95:64
	android:label
		ADDED from AndroidTest\AndroidManifest.xml:95:13-61
	android:name
		ADDED from AndroidTest\AndroidManifest.xml:94:13-65
activity#com.example.androidtest.activity.VideoViewActivity
ADDED from AndroidTest\AndroidManifest.xml:96:9-98:65
	android:label
		ADDED from AndroidTest\AndroidManifest.xml:98:13-62
	android:name
		ADDED from AndroidTest\AndroidManifest.xml:97:13-55
activity#com.example.androidtest.activity.UsbConnectActivity
ADDED from AndroidTest\AndroidManifest.xml:99:9-101:66
	android:label
		ADDED from AndroidTest\AndroidManifest.xml:101:13-63
	android:name
		ADDED from AndroidTest\AndroidManifest.xml:100:13-56
activity#com.example.androidtest.activity.RSAEncryptActivity
ADDED from AndroidTest\AndroidManifest.xml:102:9-104:61
	android:label
		ADDED from AndroidTest\AndroidManifest.xml:104:13-58
	android:name
		ADDED from AndroidTest\AndroidManifest.xml:103:13-56
activity#com.example.androidtest.activity.VolleyActivity
ADDED from AndroidTest\AndroidManifest.xml:105:9-107:61
	android:label
		ADDED from AndroidTest\AndroidManifest.xml:107:13-58
	android:name
		ADDED from AndroidTest\AndroidManifest.xml:106:13-52
activity#com.example.androidtest.activity.BreakDownloadActivity
ADDED from AndroidTest\AndroidManifest.xml:108:9-110:69
	android:label
		ADDED from AndroidTest\AndroidManifest.xml:110:13-66
	android:name
		ADDED from AndroidTest\AndroidManifest.xml:109:13-59
activity#com.example.androidtest.activity.IntentTestActivity
ADDED from AndroidTest\AndroidManifest.xml:111:9-113:66
	android:label
		ADDED from AndroidTest\AndroidManifest.xml:113:13-63
	android:name
		ADDED from AndroidTest\AndroidManifest.xml:112:13-56
activity#com.example.androidtest.activity.GetSDPathActivity
ADDED from AndroidTest\AndroidManifest.xml:114:9-116:65
	android:label
		ADDED from AndroidTest\AndroidManifest.xml:116:13-62
	android:name
		ADDED from AndroidTest\AndroidManifest.xml:115:13-55
activity#com.example.androidtest.activity.GetPhoneHeapSizeActivity
ADDED from AndroidTest\AndroidManifest.xml:117:9-119:74
	android:label
		ADDED from AndroidTest\AndroidManifest.xml:119:13-71
	android:name
		ADDED from AndroidTest\AndroidManifest.xml:118:13-62
activity#com.example.androidtest.activity.ExecuteCommandActivity
ADDED from AndroidTest\AndroidManifest.xml:120:9-122:70
	android:label
		ADDED from AndroidTest\AndroidManifest.xml:122:13-67
	android:name
		ADDED from AndroidTest\AndroidManifest.xml:121:13-60
activity#com.example.androidtest.activity.ShowCommandResultActivity
ADDED from AndroidTest\AndroidManifest.xml:123:9-125:74
	android:label
		ADDED from AndroidTest\AndroidManifest.xml:125:13-71
	android:name
		ADDED from AndroidTest\AndroidManifest.xml:124:13-63
activity#com.example.androidtest.activity.FragmentTestActivity
ADDED from AndroidTest\AndroidManifest.xml:126:9-128:68
	android:label
		ADDED from AndroidTest\AndroidManifest.xml:128:13-65
	android:name
		ADDED from AndroidTest\AndroidManifest.xml:127:13-58
activity#com.example.androidtest.activity.PopupWindowActivity
ADDED from AndroidTest\AndroidManifest.xml:129:9-131:67
	android:label
		ADDED from AndroidTest\AndroidManifest.xml:131:13-64
	android:name
		ADDED from AndroidTest\AndroidManifest.xml:130:13-57
activity#com.example.androidtest.activity.FullScreenActivity
ADDED from AndroidTest\AndroidManifest.xml:132:9-65
	android:name
		ADDED from AndroidTest\AndroidManifest.xml:132:19-62
activity#com.example.androidtest.activity.VideoActivity
ADDED from AndroidTest\AndroidManifest.xml:133:9-135:60
	android:label
		ADDED from AndroidTest\AndroidManifest.xml:135:13-57
	android:name
		ADDED from AndroidTest\AndroidManifest.xml:134:13-51
activity#com.example.androidtest.widget.WidgetActivity
ADDED from AndroidTest\AndroidManifest.xml:136:9-59
	android:name
		ADDED from AndroidTest\AndroidManifest.xml:136:19-56
activity#com.example.androidtest.activity.FrameLayoutOnClickActivity
ADDED from AndroidTest\AndroidManifest.xml:137:9-73
	android:name
		ADDED from AndroidTest\AndroidManifest.xml:137:19-70
activity#com.example.androidtest.activity.LifecycleTestActivity
ADDED from AndroidTest\AndroidManifest.xml:138:9-68
	android:name
		ADDED from AndroidTest\AndroidManifest.xml:138:19-65
activity#com.example.androidtest.activity.CameraActivity
ADDED from AndroidTest\AndroidManifest.xml:139:9-141:52
	android:screenOrientation
		ADDED from AndroidTest\AndroidManifest.xml:141:13-49
	android:name
		ADDED from AndroidTest\AndroidManifest.xml:140:13-52
activity#com.example.androidtest.activity.TransparentActivity
ADDED from AndroidTest\AndroidManifest.xml:142:9-144:52
	android:screenOrientation
		ADDED from AndroidTest\AndroidManifest.xml:144:13-49
	android:name
		ADDED from AndroidTest\AndroidManifest.xml:143:13-57
activity#com.example.androidtest.activity.ScrollActivity
ADDED from AndroidTest\AndroidManifest.xml:145:9-147:52
	android:screenOrientation
		ADDED from AndroidTest\AndroidManifest.xml:147:13-49
	android:name
		ADDED from AndroidTest\AndroidManifest.xml:146:13-52
activity#com.example.androidtest.activity.ScrollingActivity
ADDED from AndroidTest\AndroidManifest.xml:148:9-151:47
	android:label
		ADDED from AndroidTest\AndroidManifest.xml:150:13-61
	android:theme
		ADDED from AndroidTest\AndroidManifest.xml:151:13-44
	android:name
		ADDED from AndroidTest\AndroidManifest.xml:149:13-55
activity#com.example.androidtest.activity.GlSurfaceActivity
ADDED from AndroidTest\AndroidManifest.xml:152:9-64
	android:name
		ADDED from AndroidTest\AndroidManifest.xml:152:19-61
activity#com.example.androidtest.activity.GlSurfaceActivity2
ADDED from AndroidTest\AndroidManifest.xml:153:9-65
	android:name
		ADDED from AndroidTest\AndroidManifest.xml:153:19-62
activity#com.example.androidtest.activity.VideoLiveActivity
ADDED from AndroidTest\AndroidManifest.xml:154:9-64
	android:name
		ADDED from AndroidTest\AndroidManifest.xml:154:19-61
activity#com.example.androidtest.activity.RecycleDemoActivity
ADDED from AndroidTest\AndroidManifest.xml:155:9-66
	android:name
		ADDED from AndroidTest\AndroidManifest.xml:155:19-63
activity#com.example.androidtest.activity.RecycleHelperActivity
ADDED from AndroidTest\AndroidManifest.xml:156:9-77
	android:name
		ADDED from AndroidTest\AndroidManifest.xml:156:19-65